data_time_start     16.07.2024-10:43:46
data_path           ./data/
tile_produser       FBK
tile_ID             05
CHID                1
out_log_file        ./data/FBK_TILE05.log
out_data_file_name  ./data/FBK_TILE05_CH1_16.07.2024-10:43:46.txt
{'fwd': 16, 'coarse': 16, 'fine': 61}
[-1.5, -1.4, -1.3, -1.2, -1.1, -1.0, -0.8999999999999999, -0.7999999999999999, -0.7, -0.6, -0.5, -0.3999999999999999, -0.2999999999999998, -0.19999999999999996, -0.09999999999999987, 0.0, 0.0, 2.0, 4.0, 6.0, 8.0, 10.0, 12.0, 14.0, 16.0, 18.0, 20.0, 22.0, 24.0, 26.0, 28.0, 30.0, 30.0, 30.2, 30.4, 30.6, 30.8, 31.0, 31.2, 31.4, 31.6, 31.8, 32.0, 32.2, 32.4, 32.6, 32.8, 33.0, 33.2, 33.4, 33.6, 33.8, 34.0, 34.2, 34.4, 34.6, 34.8, 35.0, 35.2, 35.4, 35.6, 35.8, 36.0, 36.2, 36.4, 36.6, 36.8, 37.0, 37.2, 37.4, 37.6, 37.8, 38.0, 38.2, 38.4, 38.6, 38.8, 39.0, 39.2, 39.4, 39.6, 39.8, 40.0, 40.2, 40.4, 40.6, 40.8, 41.0, 41.2, 41.4, 41.6, 41.8, 42.0]
SOUR1:VOLT:MODE FIX
+0,"No error"

SOUR2:VOLT:MODE FIX
+0,"No error"

Unit initialized and set to Voltage-source / Current-measure.
#2024-07-16 10:44:42.041567, Temp:  25.4°C, Humi: 57.8 %

+0,"No error"

Done
data_time_end       16.07.2024-10:48:09
 
 
 
data_time_start     16.07.2024-10:49:18
data_path           ./data/
tile_produser       FBK
tile_ID             05
CHID                01
out_log_file        ./data/FBK_TILE05.log
out_data_file_name  ./data/FBK_TILE05_CH01_16.07.2024-10:49:18.txt
{'fwd': 16, 'coarse': 16, 'fine': 61}
[-1.5, -1.4, -1.3, -1.2, -1.1, -1.0, -0.8999999999999999, -0.7999999999999999, -0.7, -0.6, -0.5, -0.3999999999999999, -0.2999999999999998, -0.19999999999999996, -0.09999999999999987, 0.0, 0.0, 2.0, 4.0, 6.0, 8.0, 10.0, 12.0, 14.0, 16.0, 18.0, 20.0, 22.0, 24.0, 26.0, 28.0, 30.0, 30.0, 30.2, 30.4, 30.6, 30.8, 31.0, 31.2, 31.4, 31.6, 31.8, 32.0, 32.2, 32.4, 32.6, 32.8, 33.0, 33.2, 33.4, 33.6, 33.8, 34.0, 34.2, 34.4, 34.6, 34.8, 35.0, 35.2, 35.4, 35.6, 35.8, 36.0, 36.2, 36.4, 36.6, 36.8, 37.0, 37.2, 37.4, 37.6, 37.8, 38.0, 38.2, 38.4, 38.6, 38.8, 39.0, 39.2, 39.4, 39.6, 39.8, 40.0, 40.2, 40.4, 40.6, 40.8, 41.0, 41.2, 41.4, 41.6, 41.8, 42.0]
SOUR1:VOLT:MODE FIX
+0,"No error"

SOUR2:VOLT:MODE FIX
+0,"No error"

Unit initialized and set to Voltage-source / Current-measure.
#2024-07-16 10:49:26.520053, Temp:  26.0°C, Humi: 56.6 %

+0,"No error"

Done
data_time_end       16.07.2024-10:52:52
 
 
 
data_time_start     16.07.2024-10:53:12
data_path           ./data/
tile_produser       FBK
tile_ID             05
CHID                03
out_log_file        ./data/FBK_TILE05.log
out_data_file_name  ./data/FBK_TILE05_CH03_16.07.2024-10:53:12.txt
{'fwd': 16, 'coarse': 16, 'fine': 61}
[-1.5, -1.4, -1.3, -1.2, -1.1, -1.0, -0.8999999999999999, -0.7999999999999999, -0.7, -0.6, -0.5, -0.3999999999999999, -0.2999999999999998, -0.19999999999999996, -0.09999999999999987, 0.0, 0.0, 2.0, 4.0, 6.0, 8.0, 10.0, 12.0, 14.0, 16.0, 18.0, 20.0, 22.0, 24.0, 26.0, 28.0, 30.0, 30.0, 30.2, 30.4, 30.6, 30.8, 31.0, 31.2, 31.4, 31.6, 31.8, 32.0, 32.2, 32.4, 32.6, 32.8, 33.0, 33.2, 33.4, 33.6, 33.8, 34.0, 34.2, 34.4, 34.6, 34.8, 35.0, 35.2, 35.4, 35.6, 35.8, 36.0, 36.2, 36.4, 36.6, 36.8, 37.0, 37.2, 37.4, 37.6, 37.8, 38.0, 38.2, 38.4, 38.6, 38.8, 39.0, 39.2, 39.4, 39.6, 39.8, 40.0, 40.2, 40.4, 40.6, 40.8, 41.0, 41.2, 41.4, 41.6, 41.8, 42.0]
SOUR1:VOLT:MODE FIX
+0,"No error"

SOUR2:VOLT:MODE FIX
+0,"No error"

Unit initialized and set to Voltage-source / Current-measure.
#2024-07-16 10:53:19.330294, Temp:  26.2°C, Humi: 56.0 %

+0,"No error"

Done
data_time_end       16.07.2024-10:56:45
 
 
 
data_time_start     16.07.2024-10:56:53
data_path           ./data/
tile_produser       FBK
tile_ID             05
CHID                08
out_log_file        ./data/FBK_TILE05.log
out_data_file_name  ./data/FBK_TILE05_CH08_16.07.2024-10:56:53.txt
{'fwd': 16, 'coarse': 16, 'fine': 61}
[-1.5, -1.4, -1.3, -1.2, -1.1, -1.0, -0.8999999999999999, -0.7999999999999999, -0.7, -0.6, -0.5, -0.3999999999999999, -0.2999999999999998, -0.19999999999999996, -0.09999999999999987, 0.0, 0.0, 2.0, 4.0, 6.0, 8.0, 10.0, 12.0, 14.0, 16.0, 18.0, 20.0, 22.0, 24.0, 26.0, 28.0, 30.0, 30.0, 30.2, 30.4, 30.6, 30.8, 31.0, 31.2, 31.4, 31.6, 31.8, 32.0, 32.2, 32.4, 32.6, 32.8, 33.0, 33.2, 33.4, 33.6, 33.8, 34.0, 34.2, 34.4, 34.6, 34.8, 35.0, 35.2, 35.4, 35.6, 35.8, 36.0, 36.2, 36.4, 36.6, 36.8, 37.0, 37.2, 37.4, 37.6, 37.8, 38.0, 38.2, 38.4, 38.6, 38.8, 39.0, 39.2, 39.4, 39.6, 39.8, 40.0, 40.2, 40.4, 40.6, 40.8, 41.0, 41.2, 41.4, 41.6, 41.8, 42.0]
SOUR1:VOLT:MODE FIX
+0,"No error"

SOUR2:VOLT:MODE FIX
+0,"No error"

Unit initialized and set to Voltage-source / Current-measure.
#2024-07-16 10:57:00.076428, Temp:  26.4°C, Humi: 55.7 %

+0,"No error"

Done
data_time_end       16.07.2024-11:00:25
 
 
 
data_time_start     16.07.2024-11:00:33
data_path           ./data/
tile_produser       FBK
tile_ID             05
CHID                25
out_log_file        ./data/FBK_TILE05.log
out_data_file_name  ./data/FBK_TILE05_CH25_16.07.2024-11:00:33.txt
{'fwd': 16, 'coarse': 16, 'fine': 61}
[-1.5, -1.4, -1.3, -1.2, -1.1, -1.0, -0.8999999999999999, -0.7999999999999999, -0.7, -0.6, -0.5, -0.3999999999999999, -0.2999999999999998, -0.19999999999999996, -0.09999999999999987, 0.0, 0.0, 2.0, 4.0, 6.0, 8.0, 10.0, 12.0, 14.0, 16.0, 18.0, 20.0, 22.0, 24.0, 26.0, 28.0, 30.0, 30.0, 30.2, 30.4, 30.6, 30.8, 31.0, 31.2, 31.4, 31.6, 31.8, 32.0, 32.2, 32.4, 32.6, 32.8, 33.0, 33.2, 33.4, 33.6, 33.8, 34.0, 34.2, 34.4, 34.6, 34.8, 35.0, 35.2, 35.4, 35.6, 35.8, 36.0, 36.2, 36.4, 36.6, 36.8, 37.0, 37.2, 37.4, 37.6, 37.8, 38.0, 38.2, 38.4, 38.6, 38.8, 39.0, 39.2, 39.4, 39.6, 39.8, 40.0, 40.2, 40.4, 40.6, 40.8, 41.0, 41.2, 41.4, 41.6, 41.8, 42.0]
SOUR1:VOLT:MODE FIX
+0,"No error"

SOUR2:VOLT:MODE FIX
+0,"No error"

Unit initialized and set to Voltage-source / Current-measure.
#2024-07-16 11:00:40.582400, Temp:  26.5°C, Humi: 55.6 %

+0,"No error"

Done
data_time_end       16.07.2024-11:04:06
 
 
 
data_time_start     16.07.2024-11:04:17
data_path           ./data/
tile_produser       FBK
tile_ID             05
CHID                32
out_log_file        ./data/FBK_TILE05.log
out_data_file_name  ./data/FBK_TILE05_CH32_16.07.2024-11:04:17.txt
{'fwd': 16, 'coarse': 16, 'fine': 61}
[-1.5, -1.4, -1.3, -1.2, -1.1, -1.0, -0.8999999999999999, -0.7999999999999999, -0.7, -0.6, -0.5, -0.3999999999999999, -0.2999999999999998, -0.19999999999999996, -0.09999999999999987, 0.0, 0.0, 2.0, 4.0, 6.0, 8.0, 10.0, 12.0, 14.0, 16.0, 18.0, 20.0, 22.0, 24.0, 26.0, 28.0, 30.0, 30.0, 30.2, 30.4, 30.6, 30.8, 31.0, 31.2, 31.4, 31.6, 31.8, 32.0, 32.2, 32.4, 32.6, 32.8, 33.0, 33.2, 33.4, 33.6, 33.8, 34.0, 34.2, 34.4, 34.6, 34.8, 35.0, 35.2, 35.4, 35.6, 35.8, 36.0, 36.2, 36.4, 36.6, 36.8, 37.0, 37.2, 37.4, 37.6, 37.8, 38.0, 38.2, 38.4, 38.6, 38.8, 39.0, 39.2, 39.4, 39.6, 39.8, 40.0, 40.2, 40.4, 40.6, 40.8, 41.0, 41.2, 41.4, 41.6, 41.8, 42.0]
SOUR1:VOLT:MODE FIX
+0,"No error"

SOUR2:VOLT:MODE FIX
+0,"No error"

Unit initialized and set to Voltage-source / Current-measure.
#2024-07-16 11:04:24.072571, Temp:  26.6°C, Humi: 55.5 %

+0,"No error"

Done
data_time_end       16.07.2024-11:07:49
 
 
 
data_time_start     16.07.2024-11:07:58
data_path           ./data/
tile_produser       FBK
tile_ID             05
CHID                48
out_log_file        ./data/FBK_TILE05.log
out_data_file_name  ./data/FBK_TILE05_CH48_16.07.2024-11:07:58.txt
{'fwd': 16, 'coarse': 16, 'fine': 61}
[-1.5, -1.4, -1.3, -1.2, -1.1, -1.0, -0.8999999999999999, -0.7999999999999999, -0.7, -0.6, -0.5, -0.3999999999999999, -0.2999999999999998, -0.19999999999999996, -0.09999999999999987, 0.0, 0.0, 2.0, 4.0, 6.0, 8.0, 10.0, 12.0, 14.0, 16.0, 18.0, 20.0, 22.0, 24.0, 26.0, 28.0, 30.0, 30.0, 30.2, 30.4, 30.6, 30.8, 31.0, 31.2, 31.4, 31.6, 31.8, 32.0, 32.2, 32.4, 32.6, 32.8, 33.0, 33.2, 33.4, 33.6, 33.8, 34.0, 34.2, 34.4, 34.6, 34.8, 35.0, 35.2, 35.4, 35.6, 35.8, 36.0, 36.2, 36.4, 36.6, 36.8, 37.0, 37.2, 37.4, 37.6, 37.8, 38.0, 38.2, 38.4, 38.6, 38.8, 39.0, 39.2, 39.4, 39.6, 39.8, 40.0, 40.2, 40.4, 40.6, 40.8, 41.0, 41.2, 41.4, 41.6, 41.8, 42.0]
SOUR1:VOLT:MODE FIX
+0,"No error"

SOUR2:VOLT:MODE FIX
+0,"No error"

Unit initialized and set to Voltage-source / Current-measure.
#2024-07-16 11:08:04.996483, Temp:  26.6°C, Humi: 55.4 %

+0,"No error"

Done
data_time_end       16.07.2024-11:11:30
 
 
 
data_time_start     16.07.2024-11:11:47
data_path           ./data/
tile_produser       FBK
tile_ID             05
CHID                51
out_log_file        ./data/FBK_TILE05.log
out_data_file_name  ./data/FBK_TILE05_CH51_16.07.2024-11:11:47.txt
{'fwd': 16, 'coarse': 16, 'fine': 61}
[-1.5, -1.4, -1.3, -1.2, -1.1, -1.0, -0.8999999999999999, -0.7999999999999999, -0.7, -0.6, -0.5, -0.3999999999999999, -0.2999999999999998, -0.19999999999999996, -0.09999999999999987, 0.0, 0.0, 2.0, 4.0, 6.0, 8.0, 10.0, 12.0, 14.0, 16.0, 18.0, 20.0, 22.0, 24.0, 26.0, 28.0, 30.0, 30.0, 30.2, 30.4, 30.6, 30.8, 31.0, 31.2, 31.4, 31.6, 31.8, 32.0, 32.2, 32.4, 32.6, 32.8, 33.0, 33.2, 33.4, 33.6, 33.8, 34.0, 34.2, 34.4, 34.6, 34.8, 35.0, 35.2, 35.4, 35.6, 35.8, 36.0, 36.2, 36.4, 36.6, 36.8, 37.0, 37.2, 37.4, 37.6, 37.8, 38.0, 38.2, 38.4, 38.6, 38.8, 39.0, 39.2, 39.4, 39.6, 39.8, 40.0, 40.2, 40.4, 40.6, 40.8, 41.0, 41.2, 41.4, 41.6, 41.8, 42.0]
SOUR1:VOLT:MODE FIX
+0,"No error"

SOUR2:VOLT:MODE FIX
+0,"No error"

Unit initialized and set to Voltage-source / Current-measure.
#2024-07-16 11:11:54.584485, Temp:  26.6°C, Humi: 55.3 %

+0,"No error"

Done
data_time_end       16.07.2024-11:15:20
 
 
 
data_time_start     16.07.2024-11:15:27
data_path           ./data/
tile_produser       FBK
tile_ID             05
CHID                57
out_log_file        ./data/FBK_TILE05.log
out_data_file_name  ./data/FBK_TILE05_CH57_16.07.2024-11:15:27.txt
{'fwd': 16, 'coarse': 16, 'fine': 61}
[-1.5, -1.4, -1.3, -1.2, -1.1, -1.0, -0.8999999999999999, -0.7999999999999999, -0.7, -0.6, -0.5, -0.3999999999999999, -0.2999999999999998, -0.19999999999999996, -0.09999999999999987, 0.0, 0.0, 2.0, 4.0, 6.0, 8.0, 10.0, 12.0, 14.0, 16.0, 18.0, 20.0, 22.0, 24.0, 26.0, 28.0, 30.0, 30.0, 30.2, 30.4, 30.6, 30.8, 31.0, 31.2, 31.4, 31.6, 31.8, 32.0, 32.2, 32.4, 32.6, 32.8, 33.0, 33.2, 33.4, 33.6, 33.8, 34.0, 34.2, 34.4, 34.6, 34.8, 35.0, 35.2, 35.4, 35.6, 35.8, 36.0, 36.2, 36.4, 36.6, 36.8, 37.0, 37.2, 37.4, 37.6, 37.8, 38.0, 38.2, 38.4, 38.6, 38.8, 39.0, 39.2, 39.4, 39.6, 39.8, 40.0, 40.2, 40.4, 40.6, 40.8, 41.0, 41.2, 41.4, 41.6, 41.8, 42.0]
SOUR1:VOLT:MODE FIX
+0,"No error"

SOUR2:VOLT:MODE FIX
+0,"No error"

Unit initialized and set to Voltage-source / Current-measure.
#2024-07-16 11:15:34.075317, Temp:  26.6°C, Humi: 55.2 %

+0,"No error"

Done
data_time_end       16.07.2024-11:18:59
 
 
 
