data_time_start     16.07.2024-13:53:10
data_path           ./data/
tile_produser       HAM
tile_ID             01
CHID                00
out_log_file        ./data/HAM_TILE01.log
out_data_file_name  ./data/HAM_TILE01_CH00_16.07.2024-13:53:10.txt
{'fwd': 16, 'coarse': 16, 'fine': 61}
[-1.5, -1.4, -1.3, -1.2, -1.1, -1.0, -0.8999999999999999, -0.7999999999999999, -0.7, -0.6, -0.5, -0.3999999999999999, -0.2999999999999998, -0.19999999999999996, -0.09999999999999987, 0.0, 0.0, 2.0, 4.0, 6.0, 8.0, 10.0, 12.0, 14.0, 16.0, 18.0, 20.0, 22.0, 24.0, 26.0, 28.0, 30.0, 30.0, 30.2, 30.4, 30.6, 30.8, 31.0, 31.2, 31.4, 31.6, 31.8, 32.0, 32.2, 32.4, 32.6, 32.8, 33.0, 33.2, 33.4, 33.6, 33.8, 34.0, 34.2, 34.4, 34.6, 34.8, 35.0, 35.2, 35.4, 35.6, 35.8, 36.0, 36.2, 36.4, 36.6, 36.8, 37.0, 37.2, 37.4, 37.6, 37.8, 38.0, 38.2, 38.4, 38.6, 38.8, 39.0, 39.2, 39.4, 39.6, 39.8, 40.0, 40.2, 40.4, 40.6, 40.8, 41.0, 41.2, 41.4, 41.6, 41.8, 42.0]
SOUR1:VOLT:MODE FIX
+0,"No error"

SOUR2:VOLT:MODE FIX
+0,"No error"

Unit initialized and set to Voltage-source / Current-measure.
#2024-07-16 13:53:16.964772, Temp:  27.2°C, Humi: 51.2 %

data_time_end       16.07.2024-13:56:42
 
 
 
data_time_start     16.07.2024-14:19:51
data_path           ./data/
tile_produser       HAM
tile_ID             01
CHID                00
out_log_file        ./data/HAM_TILE01.log
out_data_file_name  ./data/HAM_TILE01_CH00_16.07.2024-14:19:51.txt
{'fwd': 16, 'coarse': 19, 'fine': 31}
[-1.5, -1.4, -1.3, -1.2, -1.1, -1.0, -0.8999999999999999, -0.7999999999999999, -0.7, -0.6, -0.5, -0.3999999999999999, -0.2999999999999998, -0.19999999999999996, -0.09999999999999987, 0.0, 0.0, 2.0, 4.0, 6.0, 8.0, 10.0, 12.0, 14.0, 16.0, 18.0, 20.0, 22.0, 24.0, 26.0, 28.0, 30.0, 32.0, 34.0, 36.0, 36.0, 36.2, 36.4, 36.6, 36.8, 37.0, 37.2, 37.4, 37.6, 37.8, 38.0, 38.2, 38.4, 38.6, 38.8, 39.0, 39.2, 39.4, 39.6, 39.8, 40.0, 40.2, 40.4, 40.6, 40.8, 41.0, 41.2, 41.4, 41.6, 41.8, 42.0]
SOUR1:VOLT:MODE FIX
+0,"No error"

SOUR2:VOLT:MODE FIX
+0,"No error"

Unit initialized and set to Voltage-source / Current-measure.
#2024-07-16 14:19:58.222779, Temp:  27.5°C, Humi: 50.9 %

+0,"No error"

Done
data_time_end       16.07.2024-14:22:27
 
 
 
data_time_start     16.07.2024-14:31:25
data_path           ./data/
tile_produser       HAM
tile_ID             01
CHID                00
out_log_file        ./data/HAM_TILE01.log
out_data_file_name  ./data/HAM_TILE01_CH00_16.07.2024-14:31:25.txt
{'fwd': 16, 'coarse': 19, 'fine': 31}
[-1.5, -1.4, -1.3, -1.2, -1.1, -1.0, -0.8999999999999999, -0.7999999999999999, -0.7, -0.6, -0.5, -0.3999999999999999, -0.2999999999999998, -0.19999999999999996, -0.09999999999999987, 0.0, 0.0, 2.0, 4.0, 6.0, 8.0, 10.0, 12.0, 14.0, 16.0, 18.0, 20.0, 22.0, 24.0, 26.0, 28.0, 30.0, 32.0, 34.0, 36.0, 36.0, 36.2, 36.4, 36.6, 36.8, 37.0, 37.2, 37.4, 37.6, 37.8, 38.0, 38.2, 38.4, 38.6, 38.8, 39.0, 39.2, 39.4, 39.6, 39.8, 40.0, 40.2, 40.4, 40.6, 40.8, 41.0, 41.2, 41.4, 41.6, 41.8, 42.0]
SOUR1:VOLT:MODE FIX
+0,"No error"

SOUR2:VOLT:MODE FIX
+0,"No error"

Unit initialized and set to Voltage-source / Current-measure.
#2024-07-16 14:31:32.508796, Temp:  27.5°C, Humi: 50.6 %

+0,"No error"

Done
data_time_end       16.07.2024-14:34:01
 
 
 
data_time_start     16.07.2024-14:37:25
data_path           ./data/
tile_produser       HAM
tile_ID             01
CHID                09
out_log_file        ./data/HAM_TILE01.log
out_data_file_name  ./data/HAM_TILE01_CH09_16.07.2024-14:37:25.txt
{'fwd': 16, 'coarse': 19, 'fine': 31}
[-1.5, -1.4, -1.3, -1.2, -1.1, -1.0, -0.8999999999999999, -0.7999999999999999, -0.7, -0.6, -0.5, -0.3999999999999999, -0.2999999999999998, -0.19999999999999996, -0.09999999999999987, 0.0, 0.0, 2.0, 4.0, 6.0, 8.0, 10.0, 12.0, 14.0, 16.0, 18.0, 20.0, 22.0, 24.0, 26.0, 28.0, 30.0, 32.0, 34.0, 36.0, 36.0, 36.2, 36.4, 36.6, 36.8, 37.0, 37.2, 37.4, 37.6, 37.8, 38.0, 38.2, 38.4, 38.6, 38.8, 39.0, 39.2, 39.4, 39.6, 39.8, 40.0, 40.2, 40.4, 40.6, 40.8, 41.0, 41.2, 41.4, 41.6, 41.8, 42.0]
SOUR1:VOLT:MODE FIX
+0,"No error"

SOUR2:VOLT:MODE FIX
+0,"No error"

Unit initialized and set to Voltage-source / Current-measure.
#2024-07-16 14:37:32.645789, Temp:  27.5°C, Humi: 50.5 %

+0,"No error"

Done
data_time_end       16.07.2024-14:40:01
 
 
 
data_time_start     16.07.2024-14:40:06
data_path           ./data/
tile_produser       HAM
tile_ID             01
CHID                25
out_log_file        ./data/HAM_TILE01.log
out_data_file_name  ./data/HAM_TILE01_CH25_16.07.2024-14:40:06.txt
{'fwd': 16, 'coarse': 19, 'fine': 31}
[-1.5, -1.4, -1.3, -1.2, -1.1, -1.0, -0.8999999999999999, -0.7999999999999999, -0.7, -0.6, -0.5, -0.3999999999999999, -0.2999999999999998, -0.19999999999999996, -0.09999999999999987, 0.0, 0.0, 2.0, 4.0, 6.0, 8.0, 10.0, 12.0, 14.0, 16.0, 18.0, 20.0, 22.0, 24.0, 26.0, 28.0, 30.0, 32.0, 34.0, 36.0, 36.0, 36.2, 36.4, 36.6, 36.8, 37.0, 37.2, 37.4, 37.6, 37.8, 38.0, 38.2, 38.4, 38.6, 38.8, 39.0, 39.2, 39.4, 39.6, 39.8, 40.0, 40.2, 40.4, 40.6, 40.8, 41.0, 41.2, 41.4, 41.6, 41.8, 42.0]
SOUR1:VOLT:MODE FIX
+0,"No error"

SOUR2:VOLT:MODE FIX
+0,"No error"

Unit initialized and set to Voltage-source / Current-measure.
#2024-07-16 14:40:13.588782, Temp:  27.5°C, Humi: 50.4 %

+0,"No error"

Done
data_time_end       16.07.2024-14:42:42
 
 
 
data_time_start     16.07.2024-14:42:47
data_path           ./data/
tile_produser       HAM
tile_ID             01
CHID                27
out_log_file        ./data/HAM_TILE01.log
out_data_file_name  ./data/HAM_TILE01_CH27_16.07.2024-14:42:47.txt
{'fwd': 16, 'coarse': 19, 'fine': 31}
[-1.5, -1.4, -1.3, -1.2, -1.1, -1.0, -0.8999999999999999, -0.7999999999999999, -0.7, -0.6, -0.5, -0.3999999999999999, -0.2999999999999998, -0.19999999999999996, -0.09999999999999987, 0.0, 0.0, 2.0, 4.0, 6.0, 8.0, 10.0, 12.0, 14.0, 16.0, 18.0, 20.0, 22.0, 24.0, 26.0, 28.0, 30.0, 32.0, 34.0, 36.0, 36.0, 36.2, 36.4, 36.6, 36.8, 37.0, 37.2, 37.4, 37.6, 37.8, 38.0, 38.2, 38.4, 38.6, 38.8, 39.0, 39.2, 39.4, 39.6, 39.8, 40.0, 40.2, 40.4, 40.6, 40.8, 41.0, 41.2, 41.4, 41.6, 41.8, 42.0]
SOUR1:VOLT:MODE FIX
+0,"No error"

SOUR2:VOLT:MODE FIX
+0,"No error"

Unit initialized and set to Voltage-source / Current-measure.
#2024-07-16 14:42:54.400831, Temp:  27.5°C, Humi: 50.4 %

+0,"No error"

Done
data_time_end       16.07.2024-14:45:23
 
 
 
data_time_start     16.07.2024-14:45:28
data_path           ./data/
tile_produser       HAM
tile_ID             01
CHID                32
out_log_file        ./data/HAM_TILE01.log
out_data_file_name  ./data/HAM_TILE01_CH32_16.07.2024-14:45:28.txt
{'fwd': 16, 'coarse': 19, 'fine': 31}
[-1.5, -1.4, -1.3, -1.2, -1.1, -1.0, -0.8999999999999999, -0.7999999999999999, -0.7, -0.6, -0.5, -0.3999999999999999, -0.2999999999999998, -0.19999999999999996, -0.09999999999999987, 0.0, 0.0, 2.0, 4.0, 6.0, 8.0, 10.0, 12.0, 14.0, 16.0, 18.0, 20.0, 22.0, 24.0, 26.0, 28.0, 30.0, 32.0, 34.0, 36.0, 36.0, 36.2, 36.4, 36.6, 36.8, 37.0, 37.2, 37.4, 37.6, 37.8, 38.0, 38.2, 38.4, 38.6, 38.8, 39.0, 39.2, 39.4, 39.6, 39.8, 40.0, 40.2, 40.4, 40.6, 40.8, 41.0, 41.2, 41.4, 41.6, 41.8, 42.0]
SOUR1:VOLT:MODE FIX
+0,"No error"

SOUR2:VOLT:MODE FIX
+0,"No error"

Unit initialized and set to Voltage-source / Current-measure.
#2024-07-16 14:45:35.190794, Temp:  27.5°C, Humi: 50.4 %

data_time_end       16.07.2024-14:48:04
 
 
 
data_time_start     16.07.2024-14:48:27
data_path           ./data/
tile_produser       HAM
tile_ID             01
CHID                35
out_log_file        ./data/HAM_TILE01.log
out_data_file_name  ./data/HAM_TILE01_CH35_16.07.2024-14:48:27.txt
{'fwd': 16, 'coarse': 19, 'fine': 31}
[-1.5, -1.4, -1.3, -1.2, -1.1, -1.0, -0.8999999999999999, -0.7999999999999999, -0.7, -0.6, -0.5, -0.3999999999999999, -0.2999999999999998, -0.19999999999999996, -0.09999999999999987, 0.0, 0.0, 2.0, 4.0, 6.0, 8.0, 10.0, 12.0, 14.0, 16.0, 18.0, 20.0, 22.0, 24.0, 26.0, 28.0, 30.0, 32.0, 34.0, 36.0, 36.0, 36.2, 36.4, 36.6, 36.8, 37.0, 37.2, 37.4, 37.6, 37.8, 38.0, 38.2, 38.4, 38.6, 38.8, 39.0, 39.2, 39.4, 39.6, 39.8, 40.0, 40.2, 40.4, 40.6, 40.8, 41.0, 41.2, 41.4, 41.6, 41.8, 42.0]
SOUR1:VOLT:MODE FIX
+0,"No error"

SOUR2:VOLT:MODE FIX
+0,"No error"

Unit initialized and set to Voltage-source / Current-measure.
#2024-07-16 14:48:34.040747, Temp:  27.5°C, Humi: 50.3 %

+0,"No error"

Done
data_time_end       16.07.2024-14:51:02
 
 
 
data_time_start     16.07.2024-14:51:19
data_path           ./data/
tile_produser       HAM
tile_ID             01
CHID                48
out_log_file        ./data/HAM_TILE01.log
out_data_file_name  ./data/HAM_TILE01_CH48_16.07.2024-14:51:19.txt
{'fwd': 16, 'coarse': 19, 'fine': 31}
[-1.5, -1.4, -1.3, -1.2, -1.1, -1.0, -0.8999999999999999, -0.7999999999999999, -0.7, -0.6, -0.5, -0.3999999999999999, -0.2999999999999998, -0.19999999999999996, -0.09999999999999987, 0.0, 0.0, 2.0, 4.0, 6.0, 8.0, 10.0, 12.0, 14.0, 16.0, 18.0, 20.0, 22.0, 24.0, 26.0, 28.0, 30.0, 32.0, 34.0, 36.0, 36.0, 36.2, 36.4, 36.6, 36.8, 37.0, 37.2, 37.4, 37.6, 37.8, 38.0, 38.2, 38.4, 38.6, 38.8, 39.0, 39.2, 39.4, 39.6, 39.8, 40.0, 40.2, 40.4, 40.6, 40.8, 41.0, 41.2, 41.4, 41.6, 41.8, 42.0]
SOUR1:VOLT:MODE FIX
+0,"No error"

SOUR2:VOLT:MODE FIX
+0,"No error"

Unit initialized and set to Voltage-source / Current-measure.
#2024-07-16 14:51:26.152869, Temp:  27.5°C, Humi: 50.3 %

+0,"No error"

Done
data_time_end       16.07.2024-14:53:54
 
 
 
data_time_start     16.07.2024-14:54:11
data_path           ./data/
tile_produser       HAM
tile_ID             01
CHID                57
out_log_file        ./data/HAM_TILE01.log
out_data_file_name  ./data/HAM_TILE01_CH57_16.07.2024-14:54:11.txt
{'fwd': 16, 'coarse': 19, 'fine': 31}
[-1.5, -1.4, -1.3, -1.2, -1.1, -1.0, -0.8999999999999999, -0.7999999999999999, -0.7, -0.6, -0.5, -0.3999999999999999, -0.2999999999999998, -0.19999999999999996, -0.09999999999999987, 0.0, 0.0, 2.0, 4.0, 6.0, 8.0, 10.0, 12.0, 14.0, 16.0, 18.0, 20.0, 22.0, 24.0, 26.0, 28.0, 30.0, 32.0, 34.0, 36.0, 36.0, 36.2, 36.4, 36.6, 36.8, 37.0, 37.2, 37.4, 37.6, 37.8, 38.0, 38.2, 38.4, 38.6, 38.8, 39.0, 39.2, 39.4, 39.6, 39.8, 40.0, 40.2, 40.4, 40.6, 40.8, 41.0, 41.2, 41.4, 41.6, 41.8, 42.0]
SOUR1:VOLT:MODE FIX
+0,"No error"

SOUR2:VOLT:MODE FIX
+0,"No error"

Unit initialized and set to Voltage-source / Current-measure.
#2024-07-16 14:54:17.969843, Temp:  27.6°C, Humi: 50.2 %

data_time_end       16.07.2024-14:56:46
 
 
 
data_time_start     16.07.2024-15:15:30
data_path           ./data/
tile_produser       HAM
tile_ID             01
CHID                12
out_log_file        ./data/HAM_TILE01.log
out_data_file_name  ./data/HAM_TILE01_CH12_16.07.2024-15:15:30.txt
{'fwd': 16, 'coarse': 19, 'fine': 31}
[-1.5, -1.4, -1.3, -1.2, -1.1, -1.0, -0.8999999999999999, -0.7999999999999999, -0.7, -0.6, -0.5, -0.3999999999999999, -0.2999999999999998, -0.19999999999999996, -0.09999999999999987, 0.0, 0.0, 2.0, 4.0, 6.0, 8.0, 10.0, 12.0, 14.0, 16.0, 18.0, 20.0, 22.0, 24.0, 26.0, 28.0, 30.0, 32.0, 34.0, 36.0, 36.0, 36.2, 36.4, 36.6, 36.8, 37.0, 37.2, 37.4, 37.6, 37.8, 38.0, 38.2, 38.4, 38.6, 38.8, 39.0, 39.2, 39.4, 39.6, 39.8, 40.0, 40.2, 40.4, 40.6, 40.8, 41.0, 41.2, 41.4, 41.6, 41.8, 42.0]
SOUR1:VOLT:MODE FIX
+0,"No error"

SOUR2:VOLT:MODE FIX
+0,"No error"

Unit initialized and set to Voltage-source / Current-measure.
#2024-07-16 15:15:37.404849, Temp:  27.4°C, Humi: 48.8 %

+0,"No error"

Done
data_time_end       16.07.2024-15:18:06
 
 
 
data_time_start     16.07.2024-15:18:17
data_path           ./data/
tile_produser       HAM
tile_ID             01
CHID                14
out_log_file        ./data/HAM_TILE01.log
out_data_file_name  ./data/HAM_TILE01_CH14_16.07.2024-15:18:17.txt
{'fwd': 16, 'coarse': 19, 'fine': 31}
[-1.5, -1.4, -1.3, -1.2, -1.1, -1.0, -0.8999999999999999, -0.7999999999999999, -0.7, -0.6, -0.5, -0.3999999999999999, -0.2999999999999998, -0.19999999999999996, -0.09999999999999987, 0.0, 0.0, 2.0, 4.0, 6.0, 8.0, 10.0, 12.0, 14.0, 16.0, 18.0, 20.0, 22.0, 24.0, 26.0, 28.0, 30.0, 32.0, 34.0, 36.0, 36.0, 36.2, 36.4, 36.6, 36.8, 37.0, 37.2, 37.4, 37.6, 37.8, 38.0, 38.2, 38.4, 38.6, 38.8, 39.0, 39.2, 39.4, 39.6, 39.8, 40.0, 40.2, 40.4, 40.6, 40.8, 41.0, 41.2, 41.4, 41.6, 41.8, 42.0]
SOUR1:VOLT:MODE FIX
+0,"No error"

SOUR2:VOLT:MODE FIX
+0,"No error"

Unit initialized and set to Voltage-source / Current-measure.
#2024-07-16 15:18:24.502873, Temp:  27.5°C, Humi: 48.7 %

+0,"No error"

Done
data_time_end       16.07.2024-15:20:53
 
 
 
data_time_start     16.07.2024-15:21:06
data_path           ./data/
tile_produser       HAM
tile_ID             01
CHID                28
out_log_file        ./data/HAM_TILE01.log
out_data_file_name  ./data/HAM_TILE01_CH28_16.07.2024-15:21:06.txt
{'fwd': 16, 'coarse': 19, 'fine': 31}
[-1.5, -1.4, -1.3, -1.2, -1.1, -1.0, -0.8999999999999999, -0.7999999999999999, -0.7, -0.6, -0.5, -0.3999999999999999, -0.2999999999999998, -0.19999999999999996, -0.09999999999999987, 0.0, 0.0, 2.0, 4.0, 6.0, 8.0, 10.0, 12.0, 14.0, 16.0, 18.0, 20.0, 22.0, 24.0, 26.0, 28.0, 30.0, 32.0, 34.0, 36.0, 36.0, 36.2, 36.4, 36.6, 36.8, 37.0, 37.2, 37.4, 37.6, 37.8, 38.0, 38.2, 38.4, 38.6, 38.8, 39.0, 39.2, 39.4, 39.6, 39.8, 40.0, 40.2, 40.4, 40.6, 40.8, 41.0, 41.2, 41.4, 41.6, 41.8, 42.0]
SOUR1:VOLT:MODE FIX
+0,"No error"

SOUR2:VOLT:MODE FIX
+0,"No error"

Unit initialized and set to Voltage-source / Current-measure.
#2024-07-16 15:21:12.942682, Temp:  27.6°C, Humi: 48.6 %

+0,"No error"

Done
data_time_end       16.07.2024-15:23:41
 
 
 
data_time_start     16.07.2024-15:23:57
data_path           ./data/
tile_produser       HAM
tile_ID             01
CHID                30
out_log_file        ./data/HAM_TILE01.log
out_data_file_name  ./data/HAM_TILE01_CH30_16.07.2024-15:23:57.txt
{'fwd': 16, 'coarse': 19, 'fine': 31}
[-1.5, -1.4, -1.3, -1.2, -1.1, -1.0, -0.8999999999999999, -0.7999999999999999, -0.7, -0.6, -0.5, -0.3999999999999999, -0.2999999999999998, -0.19999999999999996, -0.09999999999999987, 0.0, 0.0, 2.0, 4.0, 6.0, 8.0, 10.0, 12.0, 14.0, 16.0, 18.0, 20.0, 22.0, 24.0, 26.0, 28.0, 30.0, 32.0, 34.0, 36.0, 36.0, 36.2, 36.4, 36.6, 36.8, 37.0, 37.2, 37.4, 37.6, 37.8, 38.0, 38.2, 38.4, 38.6, 38.8, 39.0, 39.2, 39.4, 39.6, 39.8, 40.0, 40.2, 40.4, 40.6, 40.8, 41.0, 41.2, 41.4, 41.6, 41.8, 42.0]
SOUR1:VOLT:MODE FIX
+0,"No error"

SOUR2:VOLT:MODE FIX
+0,"No error"

Unit initialized and set to Voltage-source / Current-measure.
#2024-07-16 15:24:03.982858, Temp:  27.6°C, Humi: 48.6 %

+0,"No error"

Done
data_time_end       16.07.2024-15:26:32
 
 
 
data_time_start     16.07.2024-15:26:51
data_path           ./data/
tile_produser       HAM
tile_ID             01
CHID                36
out_log_file        ./data/HAM_TILE01.log
out_data_file_name  ./data/HAM_TILE01_CH36_16.07.2024-15:26:51.txt
{'fwd': 16, 'coarse': 19, 'fine': 31}
[-1.5, -1.4, -1.3, -1.2, -1.1, -1.0, -0.8999999999999999, -0.7999999999999999, -0.7, -0.6, -0.5, -0.3999999999999999, -0.2999999999999998, -0.19999999999999996, -0.09999999999999987, 0.0, 0.0, 2.0, 4.0, 6.0, 8.0, 10.0, 12.0, 14.0, 16.0, 18.0, 20.0, 22.0, 24.0, 26.0, 28.0, 30.0, 32.0, 34.0, 36.0, 36.0, 36.2, 36.4, 36.6, 36.8, 37.0, 37.2, 37.4, 37.6, 37.8, 38.0, 38.2, 38.4, 38.6, 38.8, 39.0, 39.2, 39.4, 39.6, 39.8, 40.0, 40.2, 40.4, 40.6, 40.8, 41.0, 41.2, 41.4, 41.6, 41.8, 42.0]
SOUR1:VOLT:MODE FIX
+0,"No error"

SOUR2:VOLT:MODE FIX
+0,"No error"

Unit initialized and set to Voltage-source / Current-measure.
#2024-07-16 15:26:58.719813, Temp:  27.6°C, Humi: 48.6 %

data_time_end       16.07.2024-15:29:27
 
 
 
data_time_start     16.07.2024-15:29:40
data_path           ./data/
tile_produser       HAM
tile_ID             01
CHID                38
out_log_file        ./data/HAM_TILE01.log
out_data_file_name  ./data/HAM_TILE01_CH38_16.07.2024-15:29:40.txt
{'fwd': 16, 'coarse': 19, 'fine': 31}
[-1.5, -1.4, -1.3, -1.2, -1.1, -1.0, -0.8999999999999999, -0.7999999999999999, -0.7, -0.6, -0.5, -0.3999999999999999, -0.2999999999999998, -0.19999999999999996, -0.09999999999999987, 0.0, 0.0, 2.0, 4.0, 6.0, 8.0, 10.0, 12.0, 14.0, 16.0, 18.0, 20.0, 22.0, 24.0, 26.0, 28.0, 30.0, 32.0, 34.0, 36.0, 36.0, 36.2, 36.4, 36.6, 36.8, 37.0, 37.2, 37.4, 37.6, 37.8, 38.0, 38.2, 38.4, 38.6, 38.8, 39.0, 39.2, 39.4, 39.6, 39.8, 40.0, 40.2, 40.4, 40.6, 40.8, 41.0, 41.2, 41.4, 41.6, 41.8, 42.0]
SOUR1:VOLT:MODE FIX
+0,"No error"

SOUR2:VOLT:MODE FIX
+0,"No error"

Unit initialized and set to Voltage-source / Current-measure.
#2024-07-16 15:29:47.170923, Temp:  27.6°C, Humi: 48.6 %

+0,"No error"

Done
data_time_end       16.07.2024-15:32:15
 
 
 
data_time_start     16.07.2024-15:32:31
data_path           ./data/
tile_produser       HAM
tile_ID             01
CHID                54
out_log_file        ./data/HAM_TILE01.log
out_data_file_name  ./data/HAM_TILE01_CH54_16.07.2024-15:32:31.txt
{'fwd': 16, 'coarse': 19, 'fine': 31}
[-1.5, -1.4, -1.3, -1.2, -1.1, -1.0, -0.8999999999999999, -0.7999999999999999, -0.7, -0.6, -0.5, -0.3999999999999999, -0.2999999999999998, -0.19999999999999996, -0.09999999999999987, 0.0, 0.0, 2.0, 4.0, 6.0, 8.0, 10.0, 12.0, 14.0, 16.0, 18.0, 20.0, 22.0, 24.0, 26.0, 28.0, 30.0, 32.0, 34.0, 36.0, 36.0, 36.2, 36.4, 36.6, 36.8, 37.0, 37.2, 37.4, 37.6, 37.8, 38.0, 38.2, 38.4, 38.6, 38.8, 39.0, 39.2, 39.4, 39.6, 39.8, 40.0, 40.2, 40.4, 40.6, 40.8, 41.0, 41.2, 41.4, 41.6, 41.8, 42.0]
SOUR1:VOLT:MODE FIX
+0,"No error"

SOUR2:VOLT:MODE FIX
+0,"No error"

Unit initialized and set to Voltage-source / Current-measure.
#2024-07-16 15:32:38.228686, Temp:  27.7°C, Humi: 48.6 %

+0,"No error"

Done
data_time_end       16.07.2024-15:35:07
 
 
 
data_time_start     16.07.2024-15:35:15
data_path           ./data/
tile_produser       HAM
tile_ID             01
CHID                60
out_log_file        ./data/HAM_TILE01.log
out_data_file_name  ./data/HAM_TILE01_CH60_16.07.2024-15:35:15.txt
{'fwd': 16, 'coarse': 19, 'fine': 31}
[-1.5, -1.4, -1.3, -1.2, -1.1, -1.0, -0.8999999999999999, -0.7999999999999999, -0.7, -0.6, -0.5, -0.3999999999999999, -0.2999999999999998, -0.19999999999999996, -0.09999999999999987, 0.0, 0.0, 2.0, 4.0, 6.0, 8.0, 10.0, 12.0, 14.0, 16.0, 18.0, 20.0, 22.0, 24.0, 26.0, 28.0, 30.0, 32.0, 34.0, 36.0, 36.0, 36.2, 36.4, 36.6, 36.8, 37.0, 37.2, 37.4, 37.6, 37.8, 38.0, 38.2, 38.4, 38.6, 38.8, 39.0, 39.2, 39.4, 39.6, 39.8, 40.0, 40.2, 40.4, 40.6, 40.8, 41.0, 41.2, 41.4, 41.6, 41.8, 42.0]
SOUR1:VOLT:MODE FIX
+0,"No error"

SOUR2:VOLT:MODE FIX
+0,"No error"

Unit initialized and set to Voltage-source / Current-measure.
#2024-07-16 15:35:22.208824, Temp:  27.7°C, Humi: 48.6 %

+0,"No error"

Done
data_time_end       16.07.2024-15:37:51
 
 
 
